Performing C SOURCE FILE Test CMAKE_HAVE_LIBC_PTHREAD failed with the following output:
<<<<<<< HEAD
Change Dir: /home/argadewanata/Documents/Banyubramanta/SAUVC_2022/ROS_SAUVC_2022_Main_WS/build/cv_package/CMakeFiles/CMakeTmp

Run Build Command(s):/usr/bin/make cmTC_7d1af/fast && /usr/bin/make -f CMakeFiles/cmTC_7d1af.dir/build.make CMakeFiles/cmTC_7d1af.dir/build
make[1]: Entering directory '/home/argadewanata/Documents/Banyubramanta/SAUVC_2022/ROS_SAUVC_2022_Main_WS/build/cv_package/CMakeFiles/CMakeTmp'
Building C object CMakeFiles/cmTC_7d1af.dir/src.c.o
/usr/bin/cc   -DCMAKE_HAVE_LIBC_PTHREAD   -o CMakeFiles/cmTC_7d1af.dir/src.c.o   -c /home/argadewanata/Documents/Banyubramanta/SAUVC_2022/ROS_SAUVC_2022_Main_WS/build/cv_package/CMakeFiles/CMakeTmp/src.c
Linking C executable cmTC_7d1af
/usr/bin/cmake -E cmake_link_script CMakeFiles/cmTC_7d1af.dir/link.txt --verbose=1
/usr/bin/cc  -DCMAKE_HAVE_LIBC_PTHREAD    -rdynamic CMakeFiles/cmTC_7d1af.dir/src.c.o  -o cmTC_7d1af 
/usr/bin/ld: CMakeFiles/cmTC_7d1af.dir/src.c.o: in function `main':
=======
Change Dir: /home/abin/kumpulan_workspace/git/ROS_SAUVC_2022_Main_WS/build/cv_package/CMakeFiles/CMakeTmp

Run Build Command(s):/usr/bin/make cmTC_c31b5/fast && /usr/bin/make -f CMakeFiles/cmTC_c31b5.dir/build.make CMakeFiles/cmTC_c31b5.dir/build
make[1]: Entering directory '/home/abin/kumpulan_workspace/git/ROS_SAUVC_2022_Main_WS/build/cv_package/CMakeFiles/CMakeTmp'
Building C object CMakeFiles/cmTC_c31b5.dir/src.c.o
/usr/bin/cc   -DCMAKE_HAVE_LIBC_PTHREAD   -o CMakeFiles/cmTC_c31b5.dir/src.c.o   -c /home/abin/kumpulan_workspace/git/ROS_SAUVC_2022_Main_WS/build/cv_package/CMakeFiles/CMakeTmp/src.c
Linking C executable cmTC_c31b5
/usr/bin/cmake -E cmake_link_script CMakeFiles/cmTC_c31b5.dir/link.txt --verbose=1
/usr/bin/cc  -DCMAKE_HAVE_LIBC_PTHREAD    -rdynamic CMakeFiles/cmTC_c31b5.dir/src.c.o  -o cmTC_c31b5 
/usr/bin/ld: CMakeFiles/cmTC_c31b5.dir/src.c.o: in function `main':
>>>>>>> fbdd64b166b645d189148d2a559d8287f156108d
src.c:(.text+0x46): undefined reference to `pthread_create'
/usr/bin/ld: src.c:(.text+0x52): undefined reference to `pthread_detach'
/usr/bin/ld: src.c:(.text+0x63): undefined reference to `pthread_join'
collect2: error: ld returned 1 exit status
<<<<<<< HEAD
make[1]: *** [CMakeFiles/cmTC_7d1af.dir/build.make:87: cmTC_7d1af] Error 1
make[1]: Leaving directory '/home/argadewanata/Documents/Banyubramanta/SAUVC_2022/ROS_SAUVC_2022_Main_WS/build/cv_package/CMakeFiles/CMakeTmp'
make: *** [Makefile:121: cmTC_7d1af/fast] Error 2
=======
make[1]: *** [CMakeFiles/cmTC_c31b5.dir/build.make:87: cmTC_c31b5] Error 1
make[1]: Leaving directory '/home/abin/kumpulan_workspace/git/ROS_SAUVC_2022_Main_WS/build/cv_package/CMakeFiles/CMakeTmp'
make: *** [Makefile:121: cmTC_c31b5/fast] Error 2
>>>>>>> fbdd64b166b645d189148d2a559d8287f156108d


Source file was:
#include <pthread.h>

void* test_func(void* data)
{
  return data;
}

int main(void)
{
  pthread_t thread;
  pthread_create(&thread, NULL, test_func, NULL);
  pthread_detach(thread);
  pthread_join(thread, NULL);
  pthread_atfork(NULL, NULL, NULL);
  pthread_exit(NULL);

  return 0;
}

Determining if the function pthread_create exists in the pthreads failed with the following output:
<<<<<<< HEAD
Change Dir: /home/argadewanata/Documents/Banyubramanta/SAUVC_2022/ROS_SAUVC_2022_Main_WS/build/cv_package/CMakeFiles/CMakeTmp

Run Build Command(s):/usr/bin/make cmTC_0469f/fast && /usr/bin/make -f CMakeFiles/cmTC_0469f.dir/build.make CMakeFiles/cmTC_0469f.dir/build
make[1]: Entering directory '/home/argadewanata/Documents/Banyubramanta/SAUVC_2022/ROS_SAUVC_2022_Main_WS/build/cv_package/CMakeFiles/CMakeTmp'
Building C object CMakeFiles/cmTC_0469f.dir/CheckFunctionExists.c.o
/usr/bin/cc   -DCHECK_FUNCTION_EXISTS=pthread_create   -o CMakeFiles/cmTC_0469f.dir/CheckFunctionExists.c.o   -c /usr/share/cmake-3.16/Modules/CheckFunctionExists.c
Linking C executable cmTC_0469f
/usr/bin/cmake -E cmake_link_script CMakeFiles/cmTC_0469f.dir/link.txt --verbose=1
/usr/bin/cc  -DCHECK_FUNCTION_EXISTS=pthread_create    -rdynamic CMakeFiles/cmTC_0469f.dir/CheckFunctionExists.c.o  -o cmTC_0469f  -lpthreads 
/usr/bin/ld: cannot find -lpthreads
collect2: error: ld returned 1 exit status
make[1]: *** [CMakeFiles/cmTC_0469f.dir/build.make:87: cmTC_0469f] Error 1
make[1]: Leaving directory '/home/argadewanata/Documents/Banyubramanta/SAUVC_2022/ROS_SAUVC_2022_Main_WS/build/cv_package/CMakeFiles/CMakeTmp'
make: *** [Makefile:121: cmTC_0469f/fast] Error 2
=======
Change Dir: /home/abin/kumpulan_workspace/git/ROS_SAUVC_2022_Main_WS/build/cv_package/CMakeFiles/CMakeTmp

Run Build Command(s):/usr/bin/make cmTC_bc0f1/fast && /usr/bin/make -f CMakeFiles/cmTC_bc0f1.dir/build.make CMakeFiles/cmTC_bc0f1.dir/build
make[1]: Entering directory '/home/abin/kumpulan_workspace/git/ROS_SAUVC_2022_Main_WS/build/cv_package/CMakeFiles/CMakeTmp'
Building C object CMakeFiles/cmTC_bc0f1.dir/CheckFunctionExists.c.o
/usr/bin/cc   -DCHECK_FUNCTION_EXISTS=pthread_create   -o CMakeFiles/cmTC_bc0f1.dir/CheckFunctionExists.c.o   -c /usr/share/cmake-3.16/Modules/CheckFunctionExists.c
Linking C executable cmTC_bc0f1
/usr/bin/cmake -E cmake_link_script CMakeFiles/cmTC_bc0f1.dir/link.txt --verbose=1
/usr/bin/cc  -DCHECK_FUNCTION_EXISTS=pthread_create    -rdynamic CMakeFiles/cmTC_bc0f1.dir/CheckFunctionExists.c.o  -o cmTC_bc0f1  -lpthreads 
/usr/bin/ld: cannot find -lpthreads
collect2: error: ld returned 1 exit status
make[1]: *** [CMakeFiles/cmTC_bc0f1.dir/build.make:87: cmTC_bc0f1] Error 1
make[1]: Leaving directory '/home/abin/kumpulan_workspace/git/ROS_SAUVC_2022_Main_WS/build/cv_package/CMakeFiles/CMakeTmp'
make: *** [Makefile:121: cmTC_bc0f1/fast] Error 2
>>>>>>> fbdd64b166b645d189148d2a559d8287f156108d



